<?xml version="1.0" encoding="utf-8"?><testsuites name="pytest tests"><testsuite name="pytest" errors="0" failures="0" skipped="0" tests="16" time="18.254" timestamp="2026-04-24T11:29:12.022861+00:00" hostname="agent-env-2b9668c9-ffe9-47f1-bd43-3dacbf5bec64"><testcase classname="backend.tests.backend_test.TestRoot" name="test_root" time="2.281" /><testcase classname="backend.tests.backend_test.TestAuth" name="test_wrong_pin_returns_401" time="0.147" /><testcase classname="backend.tests.backend_test.TestAuth" name="test_correct_pin_returns_jwt" time="0.142" /><testcase classname="backend.tests.backend_test.TestAuth" name="test_me_rejects_no_token" time="0.147" /><testcase classname="backend.tests.backend_test.TestAuth" name="test_me_rejects_invalid_token" time="0.179" /><testcase classname="backend.tests.backend_test.TestAuth" name="test_me_accepts_valid_token" time="0.483" /><testcase classname="backend.tests.backend_test.TestAnalysesAuth" name="test_list_requires_auth" time="0.145" /><testcase classname="backend.tests.backend_test.TestAnalysesAuth" name="test_list_with_auth" time="0.105" /><testcase classname="backend.tests.backend_test.TestAnalyze" name="test_analyze_requires_auth" time="0.112" /><testcase classname="backend.tests.backend_test.TestAnalyze" name="test_analyze_multi_format_success" time="13.279" /><testcase classname="backend.tests.backend_test.TestAnalysisCRUD" name="test_get_by_id" time="0.131" /><testcase classname="backend.tests.backend_test.TestAnalysisCRUD" name="test_list_contains_id" time="0.115" /><testcase classname="backend.tests.backend_test.TestAnalysisCRUD" name="test_export_requires_token" time="0.115" /><testcase classname="backend.tests.backend_test.TestAnalysisCRUD" name="test_export_with_token" time="0.159" /><testcase classname="backend.tests.backend_test.TestAnalysisCRUD" name="test_delete_and_verify" time="0.211" /><testcase classname="backend.tests.backend_test.TestAnalysisCRUD" name="test_delete_nonexistent_404" time="0.117" /></testsuite></testsuites>